<?xml version="1.0" encoding="UTF-8"?>
<!-- Generated by org.testng.reporters.JUnitReportReporter -->
<testsuite hostname="DESKTOP-OECPI9S" failures="0" tests="1" name="candidateloginpage.LoginToApplication" time="45.805" errors="0" timestamp="2024-06-03T00:22:33 IST" skipped="0">
  <testcase classname="candidateloginpage.LoginToApplication" name="TestScript" time="45.805"/>
  <system-out>
    <![CDATA[Recorem App | Discover Talent in specialized gatherings]]>
  </system-out>
</testsuite> <!-- candidateloginpage.LoginToApplication -->
