<?xml version="1.0" encoding="UTF-8"?>
<!-- Generated by org.testng.reporters.JUnitReportReporter -->
<testsuite hostname="DESKTOP-OECPI9S" failures="0" tests="1" name="extentreports.ToLearnextentreports" time="0.373" errors="0" timestamp="2024-06-05T00:37:21 IST" skipped="0">
  <testcase classname="extentreports.ToLearnextentreports" name="reports" time="0.373"/>
  <system-out/>
</testsuite> <!-- extentreports.ToLearnextentreports -->
