<?xml version="1.0" encoding="UTF-8"?>
<!-- Generated by org.testng.reporters.JUnitReportReporter -->
<testsuite hostname="DESKTOP-OECPI9S" failures="0" tests="1" name="welcomepage.LoginToApplication" time="22.274" errors="0" timestamp="2024-06-03T00:02:26 IST" skipped="0">
  <testcase classname="welcomepage.LoginToApplication" name="CheckTitle" time="22.274"/>
  <system-out>
    <![CDATA[Recorem App | Discover Talent in specialized gatherings]]>
  </system-out>
</testsuite> <!-- welcomepage.LoginToApplication -->
