<?xml version="1.0" encoding="UTF-8"?>
<!-- Generated by org.testng.reporters.JUnitReportReporter -->
<testsuite hostname="DESKTOP-OECPI9S" failures="0" tests="1" name="genericutility.BaseClass" time="32.548" errors="0" timestamp="2024-06-02T21:22:54 IST" skipped="0">
  <testcase classname="genericutility.BaseClass" name="print" time="32.548"/>
  <system-out>
    <![CDATA[Recorem App | Discover Talent in specialized gatherings]]>
  </system-out>
</testsuite> <!-- genericutility.BaseClass -->
